<?xml version="1.0" encoding="UTF-8"?>
<testsuite name="ru.nsu.kozlov.MainTest" tests="5" skipped="0" failures="0" errors="0" timestamp="2024-09-13T08:09:48" hostname="BOSS" time="0.037">
  <properties/>
  <testcase name="testForMain()" classname="ru.nsu.kozlov.MainTest" time="0.026"/>
  <testcase name="testWithNegativeData()" classname="ru.nsu.kozlov.MainTest" time="0.003"/>
  <testcase name="testWithBigData()" classname="ru.nsu.kozlov.MainTest" time="0.001"/>
  <testcase name="sampleTest()" classname="ru.nsu.kozlov.MainTest" time="0.001"/>
  <testcase name="testWithSortedArray()" classname="ru.nsu.kozlov.MainTest" time="0.001"/>
  <system-out><![CDATA[1 2 3 4 5 
]]></system-out>
  <system-err><![CDATA[]]></system-err>
</testsuite>
